f:\liam-work\god-tool\god-tool\god-tool\god-tool\debug\vc141.pdb
f:\liam-work\god-tool\god-tool\god-tool\god-tool\debug\vc141.idb
f:\liam-work\god-tool\god-tool\god-tool\god-tool\debug\imgui_widgets.obj
f:\liam-work\god-tool\god-tool\god-tool\god-tool\debug\imgui_impl_win32.obj
f:\liam-work\god-tool\god-tool\god-tool\god-tool\debug\imgui_impl_dx9.obj
f:\liam-work\god-tool\god-tool\god-tool\god-tool\debug\imgui_draw.obj
f:\liam-work\god-tool\god-tool\god-tool\god-tool\debug\imgui_demo.obj
f:\liam-work\god-tool\god-tool\god-tool\god-tool\debug\imgui.obj
f:\liam-work\god-tool\god-tool\god-tool\god-tool\debug\graphics.obj
f:\liam-work\god-tool\god-tool\god-tool\god-tool\debug\dllmain.obj
f:\liam-work\god-tool\god-tool\god-tool\god-tool\debug\directx.obj
f:\liam-work\god-tool\god-tool\god-tool\god-tool\debug\clientservices.obj
f:\liam-work\god-tool\god-tool\god-tool\god-tool\debug\cdatastore.obj
f:\liam-work\god-tool\god-tool\god-tool\god-tool\debug\databasemanager.obj
f:\liam-work\god-tool\god-tool\god-tool\god-tool\debug\database.obj
f:\liam-work\god-tool\god-tool\god-tool\god-tool\debug\godtool.obj
f:\liam-work\god-tool\god-tool\god-tool\god-tool\debug\imgui_structures.obj
f:\liam-work\god-tool\god-tool\god-tool\debug\god-tool.dll
f:\liam-work\god-tool\god-tool\god-tool\debug\god-tool.ilk
f:\liam-work\god-tool\god-tool\god-tool\debug\god-tool.pdb
f:\liam-work\god-tool\god-tool\god-tool\god-tool\debug\god-tool.tlog\cl.command.1.tlog
f:\liam-work\god-tool\god-tool\god-tool\god-tool\debug\god-tool.tlog\cl.read.1.tlog
f:\liam-work\god-tool\god-tool\god-tool\god-tool\debug\god-tool.tlog\cl.write.1.tlog
f:\liam-work\god-tool\god-tool\god-tool\god-tool\debug\god-tool.tlog\link.command.1.tlog
f:\liam-work\god-tool\god-tool\god-tool\god-tool\debug\god-tool.tlog\link.read.1.tlog
f:\liam-work\god-tool\god-tool\god-tool\god-tool\debug\god-tool.tlog\link.write.1.tlog
